Exporter version: 6.4.5, Blender version: 2.90.1
========= Conversion from Blender to Babylon.js =========
	Scene settings used :
		Inline textures     :  false
		Material Type       :  PBR
		Positions Precision :  4
		Normals Precision   :  3
		UVs Precision       :  3
		Vert Color Precision:  3
		Mat Weight Precision:  2
		Keep Z-up r-handed  :  no
		Texture directory   :  C:\Users\Niki\Desktop\Blender Stuff\Desert\sandRock1\
	Python World class constructor completed
	processing begun of camera (UniversalCamera):  Camera
	processing begun of mesh:  Mountain_desert_001
		processing begun of material:  Material.001
		Custom split normals with tangents being used
		num positions      :  2891
		num normals        :  2891
		num tangents       :  11564
		num uvs            :  5782
		num uvs2           :  0
		num colors         :  0
		num triangles      :  1040
	processing begun of light (POINT):  Light
========= Writing of JSON file started =========
	writing mesh:  Mountain_desert_001
========= Writing of JSON file completed =========
========= end of processing =========
elapsed time:  0 min, 0.0967 secs
