Exporter version: 6.4.5, Blender version: 2.90.1
========= Conversion from Blender to Babylon.js =========
	Scene settings used :
		Inline textures     :  false
		Material Type       :  PBR
		Positions Precision :  4
		Normals Precision   :  3
		UVs Precision       :  3
		Vert Color Precision:  3
		Mat Weight Precision:  2
		Keep Z-up r-handed  :  no
		Texture directory   :  C:\Users\Niki\Desktop\Blender Stuff\Fixed Models\midStone2\
	Python World class constructor completed
	processing begun of mesh:  Stone_5
		processing begun of material:  Stone
		num positions      :  239
		num normals        :  239
		num tangents       :  0
		num uvs            :  478
		num uvs2           :  0
		num colors         :  0
		num triangles      :  80
	processing begun of camera (UniversalCamera):  Camera
	processing begun of light (POINT):  Lamp
========= Writing of JSON file started =========
	writing mesh:  Stone_5
========= Writing of JSON file completed =========
========= end of processing =========
elapsed time:  0 min, 0.018 secs
