Exporter version: 2.93.5, Blender version: 3.1.0
========= Conversion from Blender to Babylon.js =========
	Scene settings used :
		Inline textures     :  false
		Material Type       :  PBR
		Positions Precision :  4
		Normals Precision   :  3
		UVs Precision       :  3
		Vert Color Precision:  3
		Mat Weight Precision:  2
		Keep Z-up r-handed  :  no
		Texture directory   :  C:\Users\A3\Desktop\Creo\client\models\door\
	Python World class constructor completed
	processing begun of camera (UniversalCamera):  Camera
	processing begun of mesh:  object6
		processing begun of material:  Red_Wood
		processing begun of material:  Iron
		processing begun of material:  Steel
		processing begun of multimaterial:  door.Multimaterial#0
		Custom split normals with tangents being used
		num positions      :  1160
		num normals        :  1160
		num tangents       :  4640
		num uvs            :  2320
		num uvs2           :  0
		num colors         :  0
		num triangles      :  464
	processing begun of light (POINT):  Light
========= Writing of JSON file started =========
	writing mesh:  object6
========= Writing of JSON file completed =========
========= end of processing =========
elapsed time:  0 min, 0.0791 secs
