Exporter version: 2.93.5, Blender version: 3.1.0
========= Conversion from Blender to Babylon.js =========
	Scene settings used :
		Inline textures     :  false
		Material Type       :  PBR
		Positions Precision :  4
		Normals Precision   :  3
		UVs Precision       :  3
		Vert Color Precision:  3
		Mat Weight Precision:  2
		Keep Z-up r-handed  :  no
		Texture directory   :  D:\Programming\Me&Nikola\Creo\client\models\littleslime\
	Python World class constructor completed
	WARNING: No active camera has been assigned, or is not in a currently enabled collection
	processing begun of mesh:  Slime
		processing begun of material:  Material.001
		processing begun of material:  Material.002
		processing begun of multimaterial:  slimemodel.Multimaterial#0
		num positions      :  1424
		num normals        :  1424
		num tangents       :  0
		num uvs            :  2848
		num uvs2           :  0
		num colors         :  5696
		num triangles      :  1316
========= Writing of JSON file started =========
	writing mesh:  Slime
========= Writing of JSON file completed =========
========= end of processing =========
elapsed time:  0 min, 0.1667 secs
