Exporter version: 2.93.5, Blender version: 3.1.0
========= Conversion from Blender to Babylon.js =========
	Scene settings used :
		Inline textures     :  false
		Material Type       :  PBR
		Positions Precision :  4
		Normals Precision   :  3
		UVs Precision       :  3
		Vert Color Precision:  3
		Mat Weight Precision:  2
		Keep Z-up r-handed  :  no
		Texture directory   :  D:\Programming\Me&Nikola\Creo\client\models\DesertCastlePack\
	Python World class constructor completed
	WARNING: No active camera has been assigned, or is not in a currently enabled collection
	processing begun of mesh:  Cube.006
		processing begun of material:  Material.001
		Custom split normals with tangents being used
		num positions      :  24296
		num normals        :  24296
		num tangents       :  97184
		num uvs            :  48592
		num uvs2           :  0
		num colors         :  0
		num triangles      :  9456
========= Writing of JSON file started =========
	writing mesh:  Cube.006
========= Writing of JSON file completed =========
========= end of processing =========
elapsed time:  0 min, 1.185 secs
