Exporter version: 6.4.5, Blender version: 2.90.1
========= Conversion from Blender to Babylon.js =========
	Scene settings used :
		Inline textures     :  false
		Material Type       :  PBR
		Positions Precision :  4
		Normals Precision   :  3
		UVs Precision       :  3
		Vert Color Precision:  3
		Mat Weight Precision:  2
		Keep Z-up r-handed  :  no
		Texture directory   :  C:\Users\Niki\Desktop\Blender Stuff\Props\fense\
	Python World class constructor completed
	processing begun of camera (UniversalCamera):  Camera
	processing begun of mesh:  Fense_1
		processing begun of material:  Material.001
		Custom split normals with tangents being used
		num positions      :  1661
		num normals        :  1661
		num tangents       :  6644
		num uvs            :  3322
		num uvs2           :  0
		num colors         :  0
		num triangles      :  634
	processing begun of light (POINT):  Light
========= Writing of JSON file started =========
	writing mesh:  Fense_1
========= Writing of JSON file completed =========
========= end of processing =========
elapsed time:  0 min, 0.0778 secs
